Determining if the pthread_create exist failed with the following output:
Change Dir: /home/a/test/dimension/build/CMakeFiles/CMakeTmp

Run Build Command:"/usr/bin/make" "cmTC_14dc2/fast"
/usr/bin/make -f CMakeFiles/cmTC_14dc2.dir/build.make CMakeFiles/cmTC_14dc2.dir/build
make[1]: Entering directory '/home/a/test/dimension/build/CMakeFiles/CMakeTmp'
Building C object CMakeFiles/cmTC_14dc2.dir/CheckSymbolExists.c.o
/usr/bin/clang-4.0    -o CMakeFiles/cmTC_14dc2.dir/CheckSymbolExists.c.o   -c /home/a/test/dimension/build/CMakeFiles/CMakeTmp/CheckSymbolExists.c
Linking C executable cmTC_14dc2
/home/a/bin/cmake -E cmake_link_script CMakeFiles/cmTC_14dc2.dir/link.txt --verbose=1
/usr/bin/clang-4.0      -rdynamic CMakeFiles/cmTC_14dc2.dir/CheckSymbolExists.c.o  -o cmTC_14dc2 
CMakeFiles/cmTC_14dc2.dir/CheckSymbolExists.c.o: In function `main':
/home/a/test/dimension/build/CMakeFiles/CMakeTmp/CheckSymbolExists.c:(.text+0x19): undefined reference to `pthread_create'
clang: error: linker command failed with exit code 1 (use -v to see invocation)
CMakeFiles/cmTC_14dc2.dir/build.make:86: recipe for target 'cmTC_14dc2' failed
make[1]: *** [cmTC_14dc2] Error 1
make[1]: Leaving directory '/home/a/test/dimension/build/CMakeFiles/CMakeTmp'
Makefile:121: recipe for target 'cmTC_14dc2/fast' failed
make: *** [cmTC_14dc2/fast] Error 2

File /home/a/test/dimension/build/CMakeFiles/CMakeTmp/CheckSymbolExists.c:
/* */
#include <pthread.h>

int main(int argc, char** argv)
{
  (void)argv;
#ifndef pthread_create
  return ((int*)(&pthread_create))[argc];
#else
  (void)argc;
  return 0;
#endif
}

Determining if the function pthread_create exists in the pthreads failed with the following output:
Change Dir: /home/a/test/dimension/build/CMakeFiles/CMakeTmp

Run Build Command:"/usr/bin/make" "cmTC_9a64b/fast"
/usr/bin/make -f CMakeFiles/cmTC_9a64b.dir/build.make CMakeFiles/cmTC_9a64b.dir/build
make[1]: Entering directory '/home/a/test/dimension/build/CMakeFiles/CMakeTmp'
Building C object CMakeFiles/cmTC_9a64b.dir/CheckFunctionExists.c.o
/usr/bin/clang-4.0   -DCHECK_FUNCTION_EXISTS=pthread_create   -o CMakeFiles/cmTC_9a64b.dir/CheckFunctionExists.c.o   -c /home/a/share/cmake-3.13/Modules/CheckFunctionExists.c
Linking C executable cmTC_9a64b
/home/a/bin/cmake -E cmake_link_script CMakeFiles/cmTC_9a64b.dir/link.txt --verbose=1
/usr/bin/clang-4.0  -DCHECK_FUNCTION_EXISTS=pthread_create    -rdynamic CMakeFiles/cmTC_9a64b.dir/CheckFunctionExists.c.o  -o cmTC_9a64b -lpthreads 
/usr/bin/ld: cannot find -lpthreads
clang: error: linker command failed with exit code 1 (use -v to see invocation)
CMakeFiles/cmTC_9a64b.dir/build.make:86: recipe for target 'cmTC_9a64b' failed
make[1]: *** [cmTC_9a64b] Error 1
make[1]: Leaving directory '/home/a/test/dimension/build/CMakeFiles/CMakeTmp'
Makefile:121: recipe for target 'cmTC_9a64b/fast' failed
make: *** [cmTC_9a64b/fast] Error 2


Determining if the function memset_s exists failed with the following output:
Change Dir: /home/a/test/dimension/build/CMakeFiles/CMakeTmp

Run Build Command:"/usr/bin/make" "cmTC_ecded/fast"
/usr/bin/make -f CMakeFiles/cmTC_ecded.dir/build.make CMakeFiles/cmTC_ecded.dir/build
make[1]: Entering directory '/home/a/test/dimension/build/CMakeFiles/CMakeTmp'
Building C object CMakeFiles/cmTC_ecded.dir/CheckFunctionExists.c.o
/usr/bin/clang-4.0   -pedantic -Wall -Wextra -Werror -Wno-format-zero-length -Wno-implicit-fallthrough -Wformat -Wformat-security -flto -fstack-protector-all -DCHECK_FUNCTION_EXISTS=memset_s   -o CMakeFiles/cmTC_ecded.dir/CheckFunctionExists.c.o   -c /home/a/share/cmake-3.13/Modules/CheckFunctionExists.c
Linking C executable cmTC_ecded
/home/a/bin/cmake -E cmake_link_script CMakeFiles/cmTC_ecded.dir/link.txt --verbose=1
/usr/bin/clang-4.0  -pedantic -Wall -Wextra -Werror -Wno-format-zero-length -Wno-implicit-fallthrough -Wformat -Wformat-security -flto -fstack-protector-all -DCHECK_FUNCTION_EXISTS=memset_s    -rdynamic CMakeFiles/cmTC_ecded.dir/CheckFunctionExists.c.o  -o cmTC_ecded 
/tmp/lto-llvm-717ca2.o: In function `main':
ld-temp.o:(.text+0x1e): undefined reference to `memset_s'
clang: error: linker command failed with exit code 1 (use -v to see invocation)
CMakeFiles/cmTC_ecded.dir/build.make:86: recipe for target 'cmTC_ecded' failed
make[1]: *** [cmTC_ecded] Error 1
make[1]: Leaving directory '/home/a/test/dimension/build/CMakeFiles/CMakeTmp'
Makefile:121: recipe for target 'cmTC_ecded/fast' failed
make: *** [cmTC_ecded/fast] Error 2


