The system is: Linux - 5.0.0-32-generic - x86_64
Compiling the C compiler identification source file "CMakeCCompilerId.c" succeeded.
Compiler: /usr/bin/clang-4.0 
Build flags: 
Id flags:  

The output was:
0


Compilation of the C compiler identification source "CMakeCCompilerId.c" produced "a.out"

The C compiler identification is Clang, found in "/home/a/test/dimension/build/CMakeFiles/3.13.2/CompilerIdC/a.out"

Compiling the CXX compiler identification source file "CMakeCXXCompilerId.cpp" succeeded.
Compiler: /usr/bin/clang++-4.0 
Build flags: 
Id flags:  

The output was:
0


Compilation of the CXX compiler identification source "CMakeCXXCompilerId.cpp" produced "a.out"

The CXX compiler identification is Clang, found in "/home/a/test/dimension/build/CMakeFiles/3.13.2/CompilerIdCXX/a.out"

Determining if the C compiler works passed with the following output:
Change Dir: /home/a/test/dimension/build/CMakeFiles/CMakeTmp

Run Build Command:"/usr/bin/make" "cmTC_ed337/fast"
/usr/bin/make -f CMakeFiles/cmTC_ed337.dir/build.make CMakeFiles/cmTC_ed337.dir/build
make[1]: Entering directory '/home/a/test/dimension/build/CMakeFiles/CMakeTmp'
Building C object CMakeFiles/cmTC_ed337.dir/testCCompiler.c.o
/usr/bin/clang-4.0    -o CMakeFiles/cmTC_ed337.dir/testCCompiler.c.o   -c /home/a/test/dimension/build/CMakeFiles/CMakeTmp/testCCompiler.c
Linking C executable cmTC_ed337
/home/a/bin/cmake -E cmake_link_script CMakeFiles/cmTC_ed337.dir/link.txt --verbose=1
/usr/bin/clang-4.0      CMakeFiles/cmTC_ed337.dir/testCCompiler.c.o  -o cmTC_ed337 
make[1]: Leaving directory '/home/a/test/dimension/build/CMakeFiles/CMakeTmp'


Detecting C compiler ABI info compiled with the following output:
Change Dir: /home/a/test/dimension/build/CMakeFiles/CMakeTmp

Run Build Command:"/usr/bin/make" "cmTC_42c9e/fast"
/usr/bin/make -f CMakeFiles/cmTC_42c9e.dir/build.make CMakeFiles/cmTC_42c9e.dir/build
make[1]: Entering directory '/home/a/test/dimension/build/CMakeFiles/CMakeTmp'
Building C object CMakeFiles/cmTC_42c9e.dir/CMakeCCompilerABI.c.o
/usr/bin/clang-4.0    -o CMakeFiles/cmTC_42c9e.dir/CMakeCCompilerABI.c.o   -c /home/a/share/cmake-3.13/Modules/CMakeCCompilerABI.c
Linking C executable cmTC_42c9e
/home/a/bin/cmake -E cmake_link_script CMakeFiles/cmTC_42c9e.dir/link.txt --verbose=1
/usr/bin/clang-4.0     -v CMakeFiles/cmTC_42c9e.dir/CMakeCCompilerABI.c.o  -o cmTC_42c9e 
clang version 4.0.1-10 (tags/RELEASE_401/final)
Target: x86_64-pc-linux-gnu
Thread model: posix
InstalledDir: /usr/bin
Found candidate GCC installation: /usr/bin/../lib/gcc/x86_64-linux-gnu/7
Found candidate GCC installation: /usr/bin/../lib/gcc/x86_64-linux-gnu/7.4.0
Found candidate GCC installation: /usr/bin/../lib/gcc/x86_64-linux-gnu/8
Found candidate GCC installation: /usr/lib/gcc/x86_64-linux-gnu/7
Found candidate GCC installation: /usr/lib/gcc/x86_64-linux-gnu/7.4.0
Found candidate GCC installation: /usr/lib/gcc/x86_64-linux-gnu/8
Selected GCC installation: /usr/bin/../lib/gcc/x86_64-linux-gnu/7.4.0
Candidate multilib: .;@m64
Selected multilib: .;@m64
 "/usr/bin/ld" --eh-frame-hdr -m elf_x86_64 -dynamic-linker /lib64/ld-linux-x86-64.so.2 -o cmTC_42c9e /usr/bin/../lib/gcc/x86_64-linux-gnu/7.4.0/../../../x86_64-linux-gnu/crt1.o /usr/bin/../lib/gcc/x86_64-linux-gnu/7.4.0/../../../x86_64-linux-gnu/crti.o /usr/bin/../lib/gcc/x86_64-linux-gnu/7.4.0/crtbegin.o -L/usr/bin/../lib/gcc/x86_64-linux-gnu/7.4.0 -L/usr/bin/../lib/gcc/x86_64-linux-gnu/7.4.0/../../../x86_64-linux-gnu -L/lib/x86_64-linux-gnu -L/lib/../lib64 -L/usr/lib/x86_64-linux-gnu -L/usr/bin/../lib/gcc/x86_64-linux-gnu/7.4.0/../../.. -L/usr/lib/llvm-4.0/bin/../lib -L/lib -L/usr/lib CMakeFiles/cmTC_42c9e.dir/CMakeCCompilerABI.c.o -lgcc --as-needed -lgcc_s --no-as-needed -lc -lgcc --as-needed -lgcc_s --no-as-needed /usr/bin/../lib/gcc/x86_64-linux-gnu/7.4.0/crtend.o /usr/bin/../lib/gcc/x86_64-linux-gnu/7.4.0/../../../x86_64-linux-gnu/crtn.o
make[1]: Leaving directory '/home/a/test/dimension/build/CMakeFiles/CMakeTmp'


Parsed C implicit link information from above output:
  link line regex: [^( *|.*[/\])(ld|CMAKE_LINK_STARTFILE-NOTFOUND|([^/\]+-)?ld|collect2)[^/\]*( |$)]
  ignore line: [Change Dir: /home/a/test/dimension/build/CMakeFiles/CMakeTmp]
  ignore line: []
  ignore line: [Run Build Command:"/usr/bin/make" "cmTC_42c9e/fast"]
  ignore line: [/usr/bin/make -f CMakeFiles/cmTC_42c9e.dir/build.make CMakeFiles/cmTC_42c9e.dir/build]
  ignore line: [make[1]: Entering directory '/home/a/test/dimension/build/CMakeFiles/CMakeTmp']
  ignore line: [Building C object CMakeFiles/cmTC_42c9e.dir/CMakeCCompilerABI.c.o]
  ignore line: [/usr/bin/clang-4.0    -o CMakeFiles/cmTC_42c9e.dir/CMakeCCompilerABI.c.o   -c /home/a/share/cmake-3.13/Modules/CMakeCCompilerABI.c]
  ignore line: [Linking C executable cmTC_42c9e]
  ignore line: [/home/a/bin/cmake -E cmake_link_script CMakeFiles/cmTC_42c9e.dir/link.txt --verbose=1]
  ignore line: [/usr/bin/clang-4.0     -v CMakeFiles/cmTC_42c9e.dir/CMakeCCompilerABI.c.o  -o cmTC_42c9e ]
  ignore line: [clang version 4.0.1-10 (tags/RELEASE_401/final)]
  ignore line: [Target: x86_64-pc-linux-gnu]
  ignore line: [Thread model: posix]
  ignore line: [InstalledDir: /usr/bin]
  ignore line: [Found candidate GCC installation: /usr/bin/../lib/gcc/x86_64-linux-gnu/7]
  ignore line: [Found candidate GCC installation: /usr/bin/../lib/gcc/x86_64-linux-gnu/7.4.0]
  ignore line: [Found candidate GCC installation: /usr/bin/../lib/gcc/x86_64-linux-gnu/8]
  ignore line: [Found candidate GCC installation: /usr/lib/gcc/x86_64-linux-gnu/7]
  ignore line: [Found candidate GCC installation: /usr/lib/gcc/x86_64-linux-gnu/7.4.0]
  ignore line: [Found candidate GCC installation: /usr/lib/gcc/x86_64-linux-gnu/8]
  ignore line: [Selected GCC installation: /usr/bin/../lib/gcc/x86_64-linux-gnu/7.4.0]
  ignore line: [Candidate multilib: .]
  ignore line: [@m64]
  ignore line: [Selected multilib: .]
  ignore line: [@m64]
  link line: [ "/usr/bin/ld" --eh-frame-hdr -m elf_x86_64 -dynamic-linker /lib64/ld-linux-x86-64.so.2 -o cmTC_42c9e /usr/bin/../lib/gcc/x86_64-linux-gnu/7.4.0/../../../x86_64-linux-gnu/crt1.o /usr/bin/../lib/gcc/x86_64-linux-gnu/7.4.0/../../../x86_64-linux-gnu/crti.o /usr/bin/../lib/gcc/x86_64-linux-gnu/7.4.0/crtbegin.o -L/usr/bin/../lib/gcc/x86_64-linux-gnu/7.4.0 -L/usr/bin/../lib/gcc/x86_64-linux-gnu/7.4.0/../../../x86_64-linux-gnu -L/lib/x86_64-linux-gnu -L/lib/../lib64 -L/usr/lib/x86_64-linux-gnu -L/usr/bin/../lib/gcc/x86_64-linux-gnu/7.4.0/../../.. -L/usr/lib/llvm-4.0/bin/../lib -L/lib -L/usr/lib CMakeFiles/cmTC_42c9e.dir/CMakeCCompilerABI.c.o -lgcc --as-needed -lgcc_s --no-as-needed -lc -lgcc --as-needed -lgcc_s --no-as-needed /usr/bin/../lib/gcc/x86_64-linux-gnu/7.4.0/crtend.o /usr/bin/../lib/gcc/x86_64-linux-gnu/7.4.0/../../../x86_64-linux-gnu/crtn.o]
    arg [/usr/bin/ld] ==> ignore
    arg [--eh-frame-hdr] ==> ignore
    arg [-m] ==> ignore
    arg [elf_x86_64] ==> ignore
    arg [-dynamic-linker] ==> ignore
    arg [/lib64/ld-linux-x86-64.so.2] ==> ignore
    arg [-o] ==> ignore
    arg [cmTC_42c9e] ==> ignore
    arg [/usr/bin/../lib/gcc/x86_64-linux-gnu/7.4.0/../../../x86_64-linux-gnu/crt1.o] ==> ignore
    arg [/usr/bin/../lib/gcc/x86_64-linux-gnu/7.4.0/../../../x86_64-linux-gnu/crti.o] ==> ignore
    arg [/usr/bin/../lib/gcc/x86_64-linux-gnu/7.4.0/crtbegin.o] ==> ignore
    arg [-L/usr/bin/../lib/gcc/x86_64-linux-gnu/7.4.0] ==> dir [/usr/bin/../lib/gcc/x86_64-linux-gnu/7.4.0]
    arg [-L/usr/bin/../lib/gcc/x86_64-linux-gnu/7.4.0/../../../x86_64-linux-gnu] ==> dir [/usr/bin/../lib/gcc/x86_64-linux-gnu/7.4.0/../../../x86_64-linux-gnu]
    arg [-L/lib/x86_64-linux-gnu] ==> dir [/lib/x86_64-linux-gnu]
    arg [-L/lib/../lib64] ==> dir [/lib/../lib64]
    arg [-L/usr/lib/x86_64-linux-gnu] ==> dir [/usr/lib/x86_64-linux-gnu]
    arg [-L/usr/bin/../lib/gcc/x86_64-linux-gnu/7.4.0/../../..] ==> dir [/usr/bin/../lib/gcc/x86_64-linux-gnu/7.4.0/../../..]
    arg [-L/usr/lib/llvm-4.0/bin/../lib] ==> dir [/usr/lib/llvm-4.0/bin/../lib]
    arg [-L/lib] ==> dir [/lib]
    arg [-L/usr/lib] ==> dir [/usr/lib]
    arg [CMakeFiles/cmTC_42c9e.dir/CMakeCCompilerABI.c.o] ==> ignore
    arg [-lgcc] ==> lib [gcc]
    arg [--as-needed] ==> ignore
    arg [-lgcc_s] ==> lib [gcc_s]
    arg [--no-as-needed] ==> ignore
    arg [-lc] ==> lib [c]
    arg [-lgcc] ==> lib [gcc]
    arg [--as-needed] ==> ignore
    arg [-lgcc_s] ==> lib [gcc_s]
    arg [--no-as-needed] ==> ignore
    arg [/usr/bin/../lib/gcc/x86_64-linux-gnu/7.4.0/crtend.o] ==> ignore
    arg [/usr/bin/../lib/gcc/x86_64-linux-gnu/7.4.0/../../../x86_64-linux-gnu/crtn.o] ==> ignore
  collapse library dir [/usr/bin/../lib/gcc/x86_64-linux-gnu/7.4.0] ==> [/usr/lib/gcc/x86_64-linux-gnu/7.4.0]
  collapse library dir [/usr/bin/../lib/gcc/x86_64-linux-gnu/7.4.0/../../../x86_64-linux-gnu] ==> [/usr/lib/x86_64-linux-gnu]
  collapse library dir [/lib/x86_64-linux-gnu] ==> [/lib/x86_64-linux-gnu]
  collapse library dir [/lib/../lib64] ==> [/lib64]
  collapse library dir [/usr/lib/x86_64-linux-gnu] ==> [/usr/lib/x86_64-linux-gnu]
  collapse library dir [/usr/bin/../lib/gcc/x86_64-linux-gnu/7.4.0/../../..] ==> [/usr/lib]
  collapse library dir [/usr/lib/llvm-4.0/bin/../lib] ==> [/usr/lib/llvm-4.0/lib]
  collapse library dir [/lib] ==> [/lib]
  collapse library dir [/usr/lib] ==> [/usr/lib]
  implicit libs: [gcc;gcc_s;c;gcc;gcc_s]
  implicit dirs: [/usr/lib/gcc/x86_64-linux-gnu/7.4.0;/usr/lib/x86_64-linux-gnu;/lib/x86_64-linux-gnu;/lib64;/usr/lib;/usr/lib/llvm-4.0/lib;/lib]
  implicit fwks: []




Detecting C [-std=c11] compiler features compiled with the following output:
Change Dir: /home/a/test/dimension/build/CMakeFiles/CMakeTmp

Run Build Command:"/usr/bin/make" "cmTC_e9828/fast"
/usr/bin/make -f CMakeFiles/cmTC_e9828.dir/build.make CMakeFiles/cmTC_e9828.dir/build
make[1]: Entering directory '/home/a/test/dimension/build/CMakeFiles/CMakeTmp'
Building C object CMakeFiles/cmTC_e9828.dir/feature_tests.c.o
/usr/bin/clang-4.0   -std=c11 -o CMakeFiles/cmTC_e9828.dir/feature_tests.c.o   -c /home/a/test/dimension/build/CMakeFiles/feature_tests.c
Linking C executable cmTC_e9828
/home/a/bin/cmake -E cmake_link_script CMakeFiles/cmTC_e9828.dir/link.txt --verbose=1
/usr/bin/clang-4.0      CMakeFiles/cmTC_e9828.dir/feature_tests.c.o  -o cmTC_e9828 
make[1]: Leaving directory '/home/a/test/dimension/build/CMakeFiles/CMakeTmp'


    Feature record: C_FEATURE:1c_function_prototypes
    Feature record: C_FEATURE:1c_restrict
    Feature record: C_FEATURE:1c_static_assert
    Feature record: C_FEATURE:1c_variadic_macros


Detecting C [-std=c99] compiler features compiled with the following output:
Change Dir: /home/a/test/dimension/build/CMakeFiles/CMakeTmp

Run Build Command:"/usr/bin/make" "cmTC_f834a/fast"
/usr/bin/make -f CMakeFiles/cmTC_f834a.dir/build.make CMakeFiles/cmTC_f834a.dir/build
make[1]: Entering directory '/home/a/test/dimension/build/CMakeFiles/CMakeTmp'
Building C object CMakeFiles/cmTC_f834a.dir/feature_tests.c.o
/usr/bin/clang-4.0   -std=c99 -o CMakeFiles/cmTC_f834a.dir/feature_tests.c.o   -c /home/a/test/dimension/build/CMakeFiles/feature_tests.c
Linking C executable cmTC_f834a
/home/a/bin/cmake -E cmake_link_script CMakeFiles/cmTC_f834a.dir/link.txt --verbose=1
/usr/bin/clang-4.0      CMakeFiles/cmTC_f834a.dir/feature_tests.c.o  -o cmTC_f834a 
make[1]: Leaving directory '/home/a/test/dimension/build/CMakeFiles/CMakeTmp'


    Feature record: C_FEATURE:1c_function_prototypes
    Feature record: C_FEATURE:1c_restrict
    Feature record: C_FEATURE:0c_static_assert
    Feature record: C_FEATURE:1c_variadic_macros


Detecting C [-std=c90] compiler features compiled with the following output:
Change Dir: /home/a/test/dimension/build/CMakeFiles/CMakeTmp

Run Build Command:"/usr/bin/make" "cmTC_a546b/fast"
/usr/bin/make -f CMakeFiles/cmTC_a546b.dir/build.make CMakeFiles/cmTC_a546b.dir/build
make[1]: Entering directory '/home/a/test/dimension/build/CMakeFiles/CMakeTmp'
Building C object CMakeFiles/cmTC_a546b.dir/feature_tests.c.o
/usr/bin/clang-4.0   -std=c90 -o CMakeFiles/cmTC_a546b.dir/feature_tests.c.o   -c /home/a/test/dimension/build/CMakeFiles/feature_tests.c
Linking C executable cmTC_a546b
/home/a/bin/cmake -E cmake_link_script CMakeFiles/cmTC_a546b.dir/link.txt --verbose=1
/usr/bin/clang-4.0      CMakeFiles/cmTC_a546b.dir/feature_tests.c.o  -o cmTC_a546b 
make[1]: Leaving directory '/home/a/test/dimension/build/CMakeFiles/CMakeTmp'


    Feature record: C_FEATURE:1c_function_prototypes
    Feature record: C_FEATURE:0c_restrict
    Feature record: C_FEATURE:0c_static_assert
    Feature record: C_FEATURE:0c_variadic_macros
Determining if the CXX compiler works passed with the following output:
Change Dir: /home/a/test/dimension/build/CMakeFiles/CMakeTmp

Run Build Command:"/usr/bin/make" "cmTC_14791/fast"
/usr/bin/make -f CMakeFiles/cmTC_14791.dir/build.make CMakeFiles/cmTC_14791.dir/build
make[1]: Entering directory '/home/a/test/dimension/build/CMakeFiles/CMakeTmp'
Building CXX object CMakeFiles/cmTC_14791.dir/testCXXCompiler.cxx.o
/usr/bin/clang++-4.0     -o CMakeFiles/cmTC_14791.dir/testCXXCompiler.cxx.o -c /home/a/test/dimension/build/CMakeFiles/CMakeTmp/testCXXCompiler.cxx
Linking CXX executable cmTC_14791
/home/a/bin/cmake -E cmake_link_script CMakeFiles/cmTC_14791.dir/link.txt --verbose=1
/usr/bin/clang++-4.0       CMakeFiles/cmTC_14791.dir/testCXXCompiler.cxx.o  -o cmTC_14791 
make[1]: Leaving directory '/home/a/test/dimension/build/CMakeFiles/CMakeTmp'


Detecting CXX compiler ABI info compiled with the following output:
Change Dir: /home/a/test/dimension/build/CMakeFiles/CMakeTmp

Run Build Command:"/usr/bin/make" "cmTC_443f3/fast"
/usr/bin/make -f CMakeFiles/cmTC_443f3.dir/build.make CMakeFiles/cmTC_443f3.dir/build
make[1]: Entering directory '/home/a/test/dimension/build/CMakeFiles/CMakeTmp'
Building CXX object CMakeFiles/cmTC_443f3.dir/CMakeCXXCompilerABI.cpp.o
/usr/bin/clang++-4.0     -o CMakeFiles/cmTC_443f3.dir/CMakeCXXCompilerABI.cpp.o -c /home/a/share/cmake-3.13/Modules/CMakeCXXCompilerABI.cpp
Linking CXX executable cmTC_443f3
/home/a/bin/cmake -E cmake_link_script CMakeFiles/cmTC_443f3.dir/link.txt --verbose=1
/usr/bin/clang++-4.0      -v CMakeFiles/cmTC_443f3.dir/CMakeCXXCompilerABI.cpp.o  -o cmTC_443f3 
clang version 4.0.1-10 (tags/RELEASE_401/final)
Target: x86_64-pc-linux-gnu
Thread model: posix
InstalledDir: /usr/bin
Found candidate GCC installation: /usr/bin/../lib/gcc/x86_64-linux-gnu/7
Found candidate GCC installation: /usr/bin/../lib/gcc/x86_64-linux-gnu/7.4.0
Found candidate GCC installation: /usr/bin/../lib/gcc/x86_64-linux-gnu/8
Found candidate GCC installation: /usr/lib/gcc/x86_64-linux-gnu/7
Found candidate GCC installation: /usr/lib/gcc/x86_64-linux-gnu/7.4.0
Found candidate GCC installation: /usr/lib/gcc/x86_64-linux-gnu/8
Selected GCC installation: /usr/bin/../lib/gcc/x86_64-linux-gnu/7.4.0
Candidate multilib: .;@m64
Selected multilib: .;@m64
 "/usr/bin/ld" --eh-frame-hdr -m elf_x86_64 -dynamic-linker /lib64/ld-linux-x86-64.so.2 -o cmTC_443f3 /usr/bin/../lib/gcc/x86_64-linux-gnu/7.4.0/../../../x86_64-linux-gnu/crt1.o /usr/bin/../lib/gcc/x86_64-linux-gnu/7.4.0/../../../x86_64-linux-gnu/crti.o /usr/bin/../lib/gcc/x86_64-linux-gnu/7.4.0/crtbegin.o -L/usr/bin/../lib/gcc/x86_64-linux-gnu/7.4.0 -L/usr/bin/../lib/gcc/x86_64-linux-gnu/7.4.0/../../../x86_64-linux-gnu -L/lib/x86_64-linux-gnu -L/lib/../lib64 -L/usr/lib/x86_64-linux-gnu -L/usr/bin/../lib/gcc/x86_64-linux-gnu/7.4.0/../../.. -L/usr/lib/llvm-4.0/bin/../lib -L/lib -L/usr/lib CMakeFiles/cmTC_443f3.dir/CMakeCXXCompilerABI.cpp.o -lstdc++ -lm -lgcc_s -lgcc -lc -lgcc_s -lgcc /usr/bin/../lib/gcc/x86_64-linux-gnu/7.4.0/crtend.o /usr/bin/../lib/gcc/x86_64-linux-gnu/7.4.0/../../../x86_64-linux-gnu/crtn.o
make[1]: Leaving directory '/home/a/test/dimension/build/CMakeFiles/CMakeTmp'


Parsed CXX implicit link information from above output:
  link line regex: [^( *|.*[/\])(ld|CMAKE_LINK_STARTFILE-NOTFOUND|([^/\]+-)?ld|collect2)[^/\]*( |$)]
  ignore line: [Change Dir: /home/a/test/dimension/build/CMakeFiles/CMakeTmp]
  ignore line: []
  ignore line: [Run Build Command:"/usr/bin/make" "cmTC_443f3/fast"]
  ignore line: [/usr/bin/make -f CMakeFiles/cmTC_443f3.dir/build.make CMakeFiles/cmTC_443f3.dir/build]
  ignore line: [make[1]: Entering directory '/home/a/test/dimension/build/CMakeFiles/CMakeTmp']
  ignore line: [Building CXX object CMakeFiles/cmTC_443f3.dir/CMakeCXXCompilerABI.cpp.o]
  ignore line: [/usr/bin/clang++-4.0     -o CMakeFiles/cmTC_443f3.dir/CMakeCXXCompilerABI.cpp.o -c /home/a/share/cmake-3.13/Modules/CMakeCXXCompilerABI.cpp]
  ignore line: [Linking CXX executable cmTC_443f3]
  ignore line: [/home/a/bin/cmake -E cmake_link_script CMakeFiles/cmTC_443f3.dir/link.txt --verbose=1]
  ignore line: [/usr/bin/clang++-4.0      -v CMakeFiles/cmTC_443f3.dir/CMakeCXXCompilerABI.cpp.o  -o cmTC_443f3 ]
  ignore line: [clang version 4.0.1-10 (tags/RELEASE_401/final)]
  ignore line: [Target: x86_64-pc-linux-gnu]
  ignore line: [Thread model: posix]
  ignore line: [InstalledDir: /usr/bin]
  ignore line: [Found candidate GCC installation: /usr/bin/../lib/gcc/x86_64-linux-gnu/7]
  ignore line: [Found candidate GCC installation: /usr/bin/../lib/gcc/x86_64-linux-gnu/7.4.0]
  ignore line: [Found candidate GCC installation: /usr/bin/../lib/gcc/x86_64-linux-gnu/8]
  ignore line: [Found candidate GCC installation: /usr/lib/gcc/x86_64-linux-gnu/7]
  ignore line: [Found candidate GCC installation: /usr/lib/gcc/x86_64-linux-gnu/7.4.0]
  ignore line: [Found candidate GCC installation: /usr/lib/gcc/x86_64-linux-gnu/8]
  ignore line: [Selected GCC installation: /usr/bin/../lib/gcc/x86_64-linux-gnu/7.4.0]
  ignore line: [Candidate multilib: .]
  ignore line: [@m64]
  ignore line: [Selected multilib: .]
  ignore line: [@m64]
  link line: [ "/usr/bin/ld" --eh-frame-hdr -m elf_x86_64 -dynamic-linker /lib64/ld-linux-x86-64.so.2 -o cmTC_443f3 /usr/bin/../lib/gcc/x86_64-linux-gnu/7.4.0/../../../x86_64-linux-gnu/crt1.o /usr/bin/../lib/gcc/x86_64-linux-gnu/7.4.0/../../../x86_64-linux-gnu/crti.o /usr/bin/../lib/gcc/x86_64-linux-gnu/7.4.0/crtbegin.o -L/usr/bin/../lib/gcc/x86_64-linux-gnu/7.4.0 -L/usr/bin/../lib/gcc/x86_64-linux-gnu/7.4.0/../../../x86_64-linux-gnu -L/lib/x86_64-linux-gnu -L/lib/../lib64 -L/usr/lib/x86_64-linux-gnu -L/usr/bin/../lib/gcc/x86_64-linux-gnu/7.4.0/../../.. -L/usr/lib/llvm-4.0/bin/../lib -L/lib -L/usr/lib CMakeFiles/cmTC_443f3.dir/CMakeCXXCompilerABI.cpp.o -lstdc++ -lm -lgcc_s -lgcc -lc -lgcc_s -lgcc /usr/bin/../lib/gcc/x86_64-linux-gnu/7.4.0/crtend.o /usr/bin/../lib/gcc/x86_64-linux-gnu/7.4.0/../../../x86_64-linux-gnu/crtn.o]
    arg [/usr/bin/ld] ==> ignore
    arg [--eh-frame-hdr] ==> ignore
    arg [-m] ==> ignore
    arg [elf_x86_64] ==> ignore
    arg [-dynamic-linker] ==> ignore
    arg [/lib64/ld-linux-x86-64.so.2] ==> ignore
    arg [-o] ==> ignore
    arg [cmTC_443f3] ==> ignore
    arg [/usr/bin/../lib/gcc/x86_64-linux-gnu/7.4.0/../../../x86_64-linux-gnu/crt1.o] ==> ignore
    arg [/usr/bin/../lib/gcc/x86_64-linux-gnu/7.4.0/../../../x86_64-linux-gnu/crti.o] ==> ignore
    arg [/usr/bin/../lib/gcc/x86_64-linux-gnu/7.4.0/crtbegin.o] ==> ignore
    arg [-L/usr/bin/../lib/gcc/x86_64-linux-gnu/7.4.0] ==> dir [/usr/bin/../lib/gcc/x86_64-linux-gnu/7.4.0]
    arg [-L/usr/bin/../lib/gcc/x86_64-linux-gnu/7.4.0/../../../x86_64-linux-gnu] ==> dir [/usr/bin/../lib/gcc/x86_64-linux-gnu/7.4.0/../../../x86_64-linux-gnu]
    arg [-L/lib/x86_64-linux-gnu] ==> dir [/lib/x86_64-linux-gnu]
    arg [-L/lib/../lib64] ==> dir [/lib/../lib64]
    arg [-L/usr/lib/x86_64-linux-gnu] ==> dir [/usr/lib/x86_64-linux-gnu]
    arg [-L/usr/bin/../lib/gcc/x86_64-linux-gnu/7.4.0/../../..] ==> dir [/usr/bin/../lib/gcc/x86_64-linux-gnu/7.4.0/../../..]
    arg [-L/usr/lib/llvm-4.0/bin/../lib] ==> dir [/usr/lib/llvm-4.0/bin/../lib]
    arg [-L/lib] ==> dir [/lib]
    arg [-L/usr/lib] ==> dir [/usr/lib]
    arg [CMakeFiles/cmTC_443f3.dir/CMakeCXXCompilerABI.cpp.o] ==> ignore
    arg [-lstdc++] ==> lib [stdc++]
    arg [-lm] ==> lib [m]
    arg [-lgcc_s] ==> lib [gcc_s]
    arg [-lgcc] ==> lib [gcc]
    arg [-lc] ==> lib [c]
    arg [-lgcc_s] ==> lib [gcc_s]
    arg [-lgcc] ==> lib [gcc]
    arg [/usr/bin/../lib/gcc/x86_64-linux-gnu/7.4.0/crtend.o] ==> ignore
    arg [/usr/bin/../lib/gcc/x86_64-linux-gnu/7.4.0/../../../x86_64-linux-gnu/crtn.o] ==> ignore
  collapse library dir [/usr/bin/../lib/gcc/x86_64-linux-gnu/7.4.0] ==> [/usr/lib/gcc/x86_64-linux-gnu/7.4.0]
  collapse library dir [/usr/bin/../lib/gcc/x86_64-linux-gnu/7.4.0/../../../x86_64-linux-gnu] ==> [/usr/lib/x86_64-linux-gnu]
  collapse library dir [/lib/x86_64-linux-gnu] ==> [/lib/x86_64-linux-gnu]
  collapse library dir [/lib/../lib64] ==> [/lib64]
  collapse library dir [/usr/lib/x86_64-linux-gnu] ==> [/usr/lib/x86_64-linux-gnu]
  collapse library dir [/usr/bin/../lib/gcc/x86_64-linux-gnu/7.4.0/../../..] ==> [/usr/lib]
  collapse library dir [/usr/lib/llvm-4.0/bin/../lib] ==> [/usr/lib/llvm-4.0/lib]
  collapse library dir [/lib] ==> [/lib]
  collapse library dir [/usr/lib] ==> [/usr/lib]
  implicit libs: [stdc++;m;gcc_s;gcc;c;gcc_s;gcc]
  implicit dirs: [/usr/lib/gcc/x86_64-linux-gnu/7.4.0;/usr/lib/x86_64-linux-gnu;/lib/x86_64-linux-gnu;/lib64;/usr/lib;/usr/lib/llvm-4.0/lib;/lib]
  implicit fwks: []




Detecting CXX [-std=c++1z] compiler features compiled with the following output:
Change Dir: /home/a/test/dimension/build/CMakeFiles/CMakeTmp

Run Build Command:"/usr/bin/make" "cmTC_a728c/fast"
/usr/bin/make -f CMakeFiles/cmTC_a728c.dir/build.make CMakeFiles/cmTC_a728c.dir/build
make[1]: Entering directory '/home/a/test/dimension/build/CMakeFiles/CMakeTmp'
Building CXX object CMakeFiles/cmTC_a728c.dir/feature_tests.cxx.o
/usr/bin/clang++-4.0    -std=c++1z -o CMakeFiles/cmTC_a728c.dir/feature_tests.cxx.o -c /home/a/test/dimension/build/CMakeFiles/feature_tests.cxx
Linking CXX executable cmTC_a728c
/home/a/bin/cmake -E cmake_link_script CMakeFiles/cmTC_a728c.dir/link.txt --verbose=1
/usr/bin/clang++-4.0       CMakeFiles/cmTC_a728c.dir/feature_tests.cxx.o  -o cmTC_a728c 
make[1]: Leaving directory '/home/a/test/dimension/build/CMakeFiles/CMakeTmp'


    Feature record: CXX_FEATURE:1cxx_aggregate_default_initializers
    Feature record: CXX_FEATURE:1cxx_alias_templates
    Feature record: CXX_FEATURE:1cxx_alignas
    Feature record: CXX_FEATURE:1cxx_alignof
    Feature record: CXX_FEATURE:1cxx_attributes
    Feature record: CXX_FEATURE:1cxx_attribute_deprecated
    Feature record: CXX_FEATURE:1cxx_auto_type
    Feature record: CXX_FEATURE:1cxx_binary_literals
    Feature record: CXX_FEATURE:1cxx_constexpr
    Feature record: CXX_FEATURE:1cxx_contextual_conversions
    Feature record: CXX_FEATURE:1cxx_decltype
    Feature record: CXX_FEATURE:1cxx_decltype_auto
    Feature record: CXX_FEATURE:1cxx_decltype_incomplete_return_types
    Feature record: CXX_FEATURE:1cxx_default_function_template_args
    Feature record: CXX_FEATURE:1cxx_defaulted_functions
    Feature record: CXX_FEATURE:1cxx_defaulted_move_initializers
    Feature record: CXX_FEATURE:1cxx_delegating_constructors
    Feature record: CXX_FEATURE:1cxx_deleted_functions
    Feature record: CXX_FEATURE:1cxx_digit_separators
    Feature record: CXX_FEATURE:1cxx_enum_forward_declarations
    Feature record: CXX_FEATURE:1cxx_explicit_conversions
    Feature record: CXX_FEATURE:1cxx_extended_friend_declarations
    Feature record: CXX_FEATURE:1cxx_extern_templates
    Feature record: CXX_FEATURE:1cxx_final
    Feature record: CXX_FEATURE:1cxx_func_identifier
    Feature record: CXX_FEATURE:1cxx_generalized_initializers
    Feature record: CXX_FEATURE:1cxx_generic_lambdas
    Feature record: CXX_FEATURE:1cxx_inheriting_constructors
    Feature record: CXX_FEATURE:1cxx_inline_namespaces
    Feature record: CXX_FEATURE:1cxx_lambdas
    Feature record: CXX_FEATURE:1cxx_lambda_init_captures
    Feature record: CXX_FEATURE:1cxx_local_type_template_args
    Feature record: CXX_FEATURE:1cxx_long_long_type
    Feature record: CXX_FEATURE:1cxx_noexcept
    Feature record: CXX_FEATURE:1cxx_nonstatic_member_init
    Feature record: CXX_FEATURE:1cxx_nullptr
    Feature record: CXX_FEATURE:1cxx_override
    Feature record: CXX_FEATURE:1cxx_range_for
    Feature record: CXX_FEATURE:1cxx_raw_string_literals
    Feature record: CXX_FEATURE:1cxx_reference_qualified_functions
    Feature record: CXX_FEATURE:1cxx_relaxed_constexpr
    Feature record: CXX_FEATURE:1cxx_return_type_deduction
    Feature record: CXX_FEATURE:1cxx_right_angle_brackets
    Feature record: CXX_FEATURE:1cxx_rvalue_references
    Feature record: CXX_FEATURE:1cxx_sizeof_member
    Feature record: CXX_FEATURE:1cxx_static_assert
    Feature record: CXX_FEATURE:1cxx_strong_enums
    Feature record: CXX_FEATURE:1cxx_template_template_parameters
    Feature record: CXX_FEATURE:1cxx_thread_local
    Feature record: CXX_FEATURE:1cxx_trailing_return_types
    Feature record: CXX_FEATURE:1cxx_unicode_literals
    Feature record: CXX_FEATURE:1cxx_uniform_initialization
    Feature record: CXX_FEATURE:1cxx_unrestricted_unions
    Feature record: CXX_FEATURE:1cxx_user_literals
    Feature record: CXX_FEATURE:1cxx_variable_templates
    Feature record: CXX_FEATURE:1cxx_variadic_macros
    Feature record: CXX_FEATURE:1cxx_variadic_templates


Detecting CXX [-std=c++14] compiler features compiled with the following output:
Change Dir: /home/a/test/dimension/build/CMakeFiles/CMakeTmp

Run Build Command:"/usr/bin/make" "cmTC_01777/fast"
/usr/bin/make -f CMakeFiles/cmTC_01777.dir/build.make CMakeFiles/cmTC_01777.dir/build
make[1]: Entering directory '/home/a/test/dimension/build/CMakeFiles/CMakeTmp'
Building CXX object CMakeFiles/cmTC_01777.dir/feature_tests.cxx.o
/usr/bin/clang++-4.0    -std=c++14 -o CMakeFiles/cmTC_01777.dir/feature_tests.cxx.o -c /home/a/test/dimension/build/CMakeFiles/feature_tests.cxx
Linking CXX executable cmTC_01777
/home/a/bin/cmake -E cmake_link_script CMakeFiles/cmTC_01777.dir/link.txt --verbose=1
/usr/bin/clang++-4.0       CMakeFiles/cmTC_01777.dir/feature_tests.cxx.o  -o cmTC_01777 
make[1]: Leaving directory '/home/a/test/dimension/build/CMakeFiles/CMakeTmp'


    Feature record: CXX_FEATURE:1cxx_aggregate_default_initializers
    Feature record: CXX_FEATURE:1cxx_alias_templates
    Feature record: CXX_FEATURE:1cxx_alignas
    Feature record: CXX_FEATURE:1cxx_alignof
    Feature record: CXX_FEATURE:1cxx_attributes
    Feature record: CXX_FEATURE:1cxx_attribute_deprecated
    Feature record: CXX_FEATURE:1cxx_auto_type
    Feature record: CXX_FEATURE:1cxx_binary_literals
    Feature record: CXX_FEATURE:1cxx_constexpr
    Feature record: CXX_FEATURE:1cxx_contextual_conversions
    Feature record: CXX_FEATURE:1cxx_decltype
    Feature record: CXX_FEATURE:1cxx_decltype_auto
    Feature record: CXX_FEATURE:1cxx_decltype_incomplete_return_types
    Feature record: CXX_FEATURE:1cxx_default_function_template_args
    Feature record: CXX_FEATURE:1cxx_defaulted_functions
    Feature record: CXX_FEATURE:1cxx_defaulted_move_initializers
    Feature record: CXX_FEATURE:1cxx_delegating_constructors
    Feature record: CXX_FEATURE:1cxx_deleted_functions
    Feature record: CXX_FEATURE:1cxx_digit_separators
    Feature record: CXX_FEATURE:1cxx_enum_forward_declarations
    Feature record: CXX_FEATURE:1cxx_explicit_conversions
    Feature record: CXX_FEATURE:1cxx_extended_friend_declarations
    Feature record: CXX_FEATURE:1cxx_extern_templates
    Feature record: CXX_FEATURE:1cxx_final
    Feature record: CXX_FEATURE:1cxx_func_identifier
    Feature record: CXX_FEATURE:1cxx_generalized_initializers
    Feature record: CXX_FEATURE:1cxx_generic_lambdas
    Feature record: CXX_FEATURE:1cxx_inheriting_constructors
    Feature record: CXX_FEATURE:1cxx_inline_namespaces
    Feature record: CXX_FEATURE:1cxx_lambdas
    Feature record: CXX_FEATURE:1cxx_lambda_init_captures
    Feature record: CXX_FEATURE:1cxx_local_type_template_args
    Feature record: CXX_FEATURE:1cxx_long_long_type
    Feature record: CXX_FEATURE:1cxx_noexcept
    Feature record: CXX_FEATURE:1cxx_nonstatic_member_init
    Feature record: CXX_FEATURE:1cxx_nullptr
    Feature record: CXX_FEATURE:1cxx_override
    Feature record: CXX_FEATURE:1cxx_range_for
    Feature record: CXX_FEATURE:1cxx_raw_string_literals
    Feature record: CXX_FEATURE:1cxx_reference_qualified_functions
    Feature record: CXX_FEATURE:1cxx_relaxed_constexpr
    Feature record: CXX_FEATURE:1cxx_return_type_deduction
    Feature record: CXX_FEATURE:1cxx_right_angle_brackets
    Feature record: CXX_FEATURE:1cxx_rvalue_references
    Feature record: CXX_FEATURE:1cxx_sizeof_member
    Feature record: CXX_FEATURE:1cxx_static_assert
    Feature record: CXX_FEATURE:1cxx_strong_enums
    Feature record: CXX_FEATURE:1cxx_template_template_parameters
    Feature record: CXX_FEATURE:1cxx_thread_local
    Feature record: CXX_FEATURE:1cxx_trailing_return_types
    Feature record: CXX_FEATURE:1cxx_unicode_literals
    Feature record: CXX_FEATURE:1cxx_uniform_initialization
    Feature record: CXX_FEATURE:1cxx_unrestricted_unions
    Feature record: CXX_FEATURE:1cxx_user_literals
    Feature record: CXX_FEATURE:1cxx_variable_templates
    Feature record: CXX_FEATURE:1cxx_variadic_macros
    Feature record: CXX_FEATURE:1cxx_variadic_templates


Detecting CXX [-std=c++11] compiler features compiled with the following output:
Change Dir: /home/a/test/dimension/build/CMakeFiles/CMakeTmp

Run Build Command:"/usr/bin/make" "cmTC_8c83c/fast"
/usr/bin/make -f CMakeFiles/cmTC_8c83c.dir/build.make CMakeFiles/cmTC_8c83c.dir/build
make[1]: Entering directory '/home/a/test/dimension/build/CMakeFiles/CMakeTmp'
Building CXX object CMakeFiles/cmTC_8c83c.dir/feature_tests.cxx.o
/usr/bin/clang++-4.0    -std=c++11 -o CMakeFiles/cmTC_8c83c.dir/feature_tests.cxx.o -c /home/a/test/dimension/build/CMakeFiles/feature_tests.cxx
Linking CXX executable cmTC_8c83c
/home/a/bin/cmake -E cmake_link_script CMakeFiles/cmTC_8c83c.dir/link.txt --verbose=1
/usr/bin/clang++-4.0       CMakeFiles/cmTC_8c83c.dir/feature_tests.cxx.o  -o cmTC_8c83c 
make[1]: Leaving directory '/home/a/test/dimension/build/CMakeFiles/CMakeTmp'


    Feature record: CXX_FEATURE:0cxx_aggregate_default_initializers
    Feature record: CXX_FEATURE:1cxx_alias_templates
    Feature record: CXX_FEATURE:1cxx_alignas
    Feature record: CXX_FEATURE:1cxx_alignof
    Feature record: CXX_FEATURE:1cxx_attributes
    Feature record: CXX_FEATURE:0cxx_attribute_deprecated
    Feature record: CXX_FEATURE:1cxx_auto_type
    Feature record: CXX_FEATURE:0cxx_binary_literals
    Feature record: CXX_FEATURE:1cxx_constexpr
    Feature record: CXX_FEATURE:0cxx_contextual_conversions
    Feature record: CXX_FEATURE:1cxx_decltype
    Feature record: CXX_FEATURE:0cxx_decltype_auto
    Feature record: CXX_FEATURE:1cxx_decltype_incomplete_return_types
    Feature record: CXX_FEATURE:1cxx_default_function_template_args
    Feature record: CXX_FEATURE:1cxx_defaulted_functions
    Feature record: CXX_FEATURE:1cxx_defaulted_move_initializers
    Feature record: CXX_FEATURE:1cxx_delegating_constructors
    Feature record: CXX_FEATURE:1cxx_deleted_functions
    Feature record: CXX_FEATURE:0cxx_digit_separators
    Feature record: CXX_FEATURE:1cxx_enum_forward_declarations
    Feature record: CXX_FEATURE:1cxx_explicit_conversions
    Feature record: CXX_FEATURE:1cxx_extended_friend_declarations
    Feature record: CXX_FEATURE:1cxx_extern_templates
    Feature record: CXX_FEATURE:1cxx_final
    Feature record: CXX_FEATURE:1cxx_func_identifier
    Feature record: CXX_FEATURE:1cxx_generalized_initializers
    Feature record: CXX_FEATURE:0cxx_generic_lambdas
    Feature record: CXX_FEATURE:1cxx_inheriting_constructors
    Feature record: CXX_FEATURE:1cxx_inline_namespaces
    Feature record: CXX_FEATURE:1cxx_lambdas
    Feature record: CXX_FEATURE:0cxx_lambda_init_captures
    Feature record: CXX_FEATURE:1cxx_local_type_template_args
    Feature record: CXX_FEATURE:1cxx_long_long_type
    Feature record: CXX_FEATURE:1cxx_noexcept
    Feature record: CXX_FEATURE:1cxx_nonstatic_member_init
    Feature record: CXX_FEATURE:1cxx_nullptr
    Feature record: CXX_FEATURE:1cxx_override
    Feature record: CXX_FEATURE:1cxx_range_for
    Feature record: CXX_FEATURE:1cxx_raw_string_literals
    Feature record: CXX_FEATURE:1cxx_reference_qualified_functions
    Feature record: CXX_FEATURE:0cxx_relaxed_constexpr
    Feature record: CXX_FEATURE:0cxx_return_type_deduction
    Feature record: CXX_FEATURE:1cxx_right_angle_brackets
    Feature record: CXX_FEATURE:1cxx_rvalue_references
    Feature record: CXX_FEATURE:1cxx_sizeof_member
    Feature record: CXX_FEATURE:1cxx_static_assert
    Feature record: CXX_FEATURE:1cxx_strong_enums
    Feature record: CXX_FEATURE:1cxx_template_template_parameters
    Feature record: CXX_FEATURE:1cxx_thread_local
    Feature record: CXX_FEATURE:1cxx_trailing_return_types
    Feature record: CXX_FEATURE:1cxx_unicode_literals
    Feature record: CXX_FEATURE:1cxx_uniform_initialization
    Feature record: CXX_FEATURE:1cxx_unrestricted_unions
    Feature record: CXX_FEATURE:1cxx_user_literals
    Feature record: CXX_FEATURE:0cxx_variable_templates
    Feature record: CXX_FEATURE:1cxx_variadic_macros
    Feature record: CXX_FEATURE:1cxx_variadic_templates


Detecting CXX [-std=c++98] compiler features compiled with the following output:
Change Dir: /home/a/test/dimension/build/CMakeFiles/CMakeTmp

Run Build Command:"/usr/bin/make" "cmTC_689b1/fast"
/usr/bin/make -f CMakeFiles/cmTC_689b1.dir/build.make CMakeFiles/cmTC_689b1.dir/build
make[1]: Entering directory '/home/a/test/dimension/build/CMakeFiles/CMakeTmp'
Building CXX object CMakeFiles/cmTC_689b1.dir/feature_tests.cxx.o
/usr/bin/clang++-4.0    -std=c++98 -o CMakeFiles/cmTC_689b1.dir/feature_tests.cxx.o -c /home/a/test/dimension/build/CMakeFiles/feature_tests.cxx
Linking CXX executable cmTC_689b1
/home/a/bin/cmake -E cmake_link_script CMakeFiles/cmTC_689b1.dir/link.txt --verbose=1
/usr/bin/clang++-4.0       CMakeFiles/cmTC_689b1.dir/feature_tests.cxx.o  -o cmTC_689b1 
make[1]: Leaving directory '/home/a/test/dimension/build/CMakeFiles/CMakeTmp'


    Feature record: CXX_FEATURE:0cxx_aggregate_default_initializers
    Feature record: CXX_FEATURE:0cxx_alias_templates
    Feature record: CXX_FEATURE:0cxx_alignas
    Feature record: CXX_FEATURE:0cxx_alignof
    Feature record: CXX_FEATURE:0cxx_attributes
    Feature record: CXX_FEATURE:0cxx_attribute_deprecated
    Feature record: CXX_FEATURE:0cxx_auto_type
    Feature record: CXX_FEATURE:0cxx_binary_literals
    Feature record: CXX_FEATURE:0cxx_constexpr
    Feature record: CXX_FEATURE:0cxx_contextual_conversions
    Feature record: CXX_FEATURE:0cxx_decltype
    Feature record: CXX_FEATURE:0cxx_decltype_auto
    Feature record: CXX_FEATURE:0cxx_decltype_incomplete_return_types
    Feature record: CXX_FEATURE:0cxx_default_function_template_args
    Feature record: CXX_FEATURE:0cxx_defaulted_functions
    Feature record: CXX_FEATURE:0cxx_defaulted_move_initializers
    Feature record: CXX_FEATURE:0cxx_delegating_constructors
    Feature record: CXX_FEATURE:0cxx_deleted_functions
    Feature record: CXX_FEATURE:0cxx_digit_separators
    Feature record: CXX_FEATURE:0cxx_enum_forward_declarations
    Feature record: CXX_FEATURE:0cxx_explicit_conversions
    Feature record: CXX_FEATURE:0cxx_extended_friend_declarations
    Feature record: CXX_FEATURE:0cxx_extern_templates
    Feature record: CXX_FEATURE:0cxx_final
    Feature record: CXX_FEATURE:0cxx_func_identifier
    Feature record: CXX_FEATURE:0cxx_generalized_initializers
    Feature record: CXX_FEATURE:0cxx_generic_lambdas
    Feature record: CXX_FEATURE:0cxx_inheriting_constructors
    Feature record: CXX_FEATURE:0cxx_inline_namespaces
    Feature record: CXX_FEATURE:0cxx_lambdas
    Feature record: CXX_FEATURE:0cxx_lambda_init_captures
    Feature record: CXX_FEATURE:0cxx_local_type_template_args
    Feature record: CXX_FEATURE:0cxx_long_long_type
    Feature record: CXX_FEATURE:0cxx_noexcept
    Feature record: CXX_FEATURE:0cxx_nonstatic_member_init
    Feature record: CXX_FEATURE:0cxx_nullptr
    Feature record: CXX_FEATURE:0cxx_override
    Feature record: CXX_FEATURE:0cxx_range_for
    Feature record: CXX_FEATURE:0cxx_raw_string_literals
    Feature record: CXX_FEATURE:0cxx_reference_qualified_functions
    Feature record: CXX_FEATURE:0cxx_relaxed_constexpr
    Feature record: CXX_FEATURE:0cxx_return_type_deduction
    Feature record: CXX_FEATURE:0cxx_right_angle_brackets
    Feature record: CXX_FEATURE:0cxx_rvalue_references
    Feature record: CXX_FEATURE:0cxx_sizeof_member
    Feature record: CXX_FEATURE:0cxx_static_assert
    Feature record: CXX_FEATURE:0cxx_strong_enums
    Feature record: CXX_FEATURE:1cxx_template_template_parameters
    Feature record: CXX_FEATURE:0cxx_thread_local
    Feature record: CXX_FEATURE:0cxx_trailing_return_types
    Feature record: CXX_FEATURE:0cxx_unicode_literals
    Feature record: CXX_FEATURE:0cxx_uniform_initialization
    Feature record: CXX_FEATURE:0cxx_unrestricted_unions
    Feature record: CXX_FEATURE:0cxx_user_literals
    Feature record: CXX_FEATURE:0cxx_variable_templates
    Feature record: CXX_FEATURE:0cxx_variadic_macros
    Feature record: CXX_FEATURE:0cxx_variadic_templates
Determining if the include file alloca.h exists passed with the following output:
Change Dir: /home/a/test/dimension/build/CMakeFiles/CMakeTmp

Run Build Command:"/usr/bin/make" "cmTC_a9e5a/fast"
/usr/bin/make -f CMakeFiles/cmTC_a9e5a.dir/build.make CMakeFiles/cmTC_a9e5a.dir/build
make[1]: Entering directory '/home/a/test/dimension/build/CMakeFiles/CMakeTmp'
Building C object CMakeFiles/cmTC_a9e5a.dir/CheckIncludeFile.c.o
/usr/bin/clang-4.0    -o CMakeFiles/cmTC_a9e5a.dir/CheckIncludeFile.c.o   -c /home/a/test/dimension/build/CMakeFiles/CMakeTmp/CheckIncludeFile.c
Linking C executable cmTC_a9e5a
/home/a/bin/cmake -E cmake_link_script CMakeFiles/cmTC_a9e5a.dir/link.txt --verbose=1
/usr/bin/clang-4.0      -rdynamic CMakeFiles/cmTC_a9e5a.dir/CheckIncludeFile.c.o  -o cmTC_a9e5a 
make[1]: Leaving directory '/home/a/test/dimension/build/CMakeFiles/CMakeTmp'


Determining if the include file unistd.h exists passed with the following output:
Change Dir: /home/a/test/dimension/build/CMakeFiles/CMakeTmp

Run Build Command:"/usr/bin/make" "cmTC_4c749/fast"
/usr/bin/make -f CMakeFiles/cmTC_4c749.dir/build.make CMakeFiles/cmTC_4c749.dir/build
make[1]: Entering directory '/home/a/test/dimension/build/CMakeFiles/CMakeTmp'
Building C object CMakeFiles/cmTC_4c749.dir/CheckIncludeFile.c.o
/usr/bin/clang-4.0    -o CMakeFiles/cmTC_4c749.dir/CheckIncludeFile.c.o   -c /home/a/test/dimension/build/CMakeFiles/CMakeTmp/CheckIncludeFile.c
Linking C executable cmTC_4c749
/home/a/bin/cmake -E cmake_link_script CMakeFiles/cmTC_4c749.dir/link.txt --verbose=1
/usr/bin/clang-4.0      -rdynamic CMakeFiles/cmTC_4c749.dir/CheckIncludeFile.c.o  -o cmTC_4c749 
make[1]: Leaving directory '/home/a/test/dimension/build/CMakeFiles/CMakeTmp'


Determining if the snprintf exist passed with the following output:
Change Dir: /home/a/test/dimension/build/CMakeFiles/CMakeTmp

Run Build Command:"/usr/bin/make" "cmTC_7e02c/fast"
/usr/bin/make -f CMakeFiles/cmTC_7e02c.dir/build.make CMakeFiles/cmTC_7e02c.dir/build
make[1]: Entering directory '/home/a/test/dimension/build/CMakeFiles/CMakeTmp'
Building C object CMakeFiles/cmTC_7e02c.dir/CheckSymbolExists.c.o
/usr/bin/clang-4.0    -o CMakeFiles/cmTC_7e02c.dir/CheckSymbolExists.c.o   -c /home/a/test/dimension/build/CMakeFiles/CMakeTmp/CheckSymbolExists.c
Linking C executable cmTC_7e02c
/home/a/bin/cmake -E cmake_link_script CMakeFiles/cmTC_7e02c.dir/link.txt --verbose=1
/usr/bin/clang-4.0      -rdynamic CMakeFiles/cmTC_7e02c.dir/CheckSymbolExists.c.o  -o cmTC_7e02c 
make[1]: Leaving directory '/home/a/test/dimension/build/CMakeFiles/CMakeTmp'

File /home/a/test/dimension/build/CMakeFiles/CMakeTmp/CheckSymbolExists.c:
/* */
#include <stdio.h>

int main(int argc, char** argv)
{
  (void)argv;
#ifndef snprintf
  return ((int*)(&snprintf))[argc];
#else
  (void)argc;
  return 0;
#endif
}

Determining if the sysconf exist passed with the following output:
Change Dir: /home/a/test/dimension/build/CMakeFiles/CMakeTmp

Run Build Command:"/usr/bin/make" "cmTC_d5437/fast"
/usr/bin/make -f CMakeFiles/cmTC_d5437.dir/build.make CMakeFiles/cmTC_d5437.dir/build
make[1]: Entering directory '/home/a/test/dimension/build/CMakeFiles/CMakeTmp'
Building C object CMakeFiles/cmTC_d5437.dir/CheckSymbolExists.c.o
/usr/bin/clang-4.0    -o CMakeFiles/cmTC_d5437.dir/CheckSymbolExists.c.o   -c /home/a/test/dimension/build/CMakeFiles/CMakeTmp/CheckSymbolExists.c
Linking C executable cmTC_d5437
/home/a/bin/cmake -E cmake_link_script CMakeFiles/cmTC_d5437.dir/link.txt --verbose=1
/usr/bin/clang-4.0      -rdynamic CMakeFiles/cmTC_d5437.dir/CheckSymbolExists.c.o  -o cmTC_d5437 
make[1]: Leaving directory '/home/a/test/dimension/build/CMakeFiles/CMakeTmp'

File /home/a/test/dimension/build/CMakeFiles/CMakeTmp/CheckSymbolExists.c:
/* */
#include <unistd.h>

int main(int argc, char** argv)
{
  (void)argv;
#ifndef sysconf
  return ((int*)(&sysconf))[argc];
#else
  (void)argc;
  return 0;
#endif
}

Determining if the strcasecmp exist passed with the following output:
Change Dir: /home/a/test/dimension/build/CMakeFiles/CMakeTmp

Run Build Command:"/usr/bin/make" "cmTC_062b3/fast"
/usr/bin/make -f CMakeFiles/cmTC_062b3.dir/build.make CMakeFiles/cmTC_062b3.dir/build
make[1]: Entering directory '/home/a/test/dimension/build/CMakeFiles/CMakeTmp'
Building C object CMakeFiles/cmTC_062b3.dir/CheckSymbolExists.c.o
/usr/bin/clang-4.0    -o CMakeFiles/cmTC_062b3.dir/CheckSymbolExists.c.o   -c /home/a/test/dimension/build/CMakeFiles/CMakeTmp/CheckSymbolExists.c
Linking C executable cmTC_062b3
/home/a/bin/cmake -E cmake_link_script CMakeFiles/cmTC_062b3.dir/link.txt --verbose=1
/usr/bin/clang-4.0      -rdynamic CMakeFiles/cmTC_062b3.dir/CheckSymbolExists.c.o  -o cmTC_062b3 
make[1]: Leaving directory '/home/a/test/dimension/build/CMakeFiles/CMakeTmp'

File /home/a/test/dimension/build/CMakeFiles/CMakeTmp/CheckSymbolExists.c:
/* */
#include <strings.h>

int main(int argc, char** argv)
{
  (void)argv;
#ifndef strcasecmp
  return ((int*)(&strcasecmp))[argc];
#else
  (void)argc;
  return 0;
#endif
}

Determining if the include file sys/types.h exists passed with the following output:
Change Dir: /home/a/test/dimension/build/CMakeFiles/CMakeTmp

Run Build Command:"/usr/bin/make" "cmTC_daf88/fast"
/usr/bin/make -f CMakeFiles/cmTC_daf88.dir/build.make CMakeFiles/cmTC_daf88.dir/build
make[1]: Entering directory '/home/a/test/dimension/build/CMakeFiles/CMakeTmp'
Building C object CMakeFiles/cmTC_daf88.dir/CheckIncludeFile.c.o
/usr/bin/clang-4.0    -o CMakeFiles/cmTC_daf88.dir/CheckIncludeFile.c.o   -c /home/a/test/dimension/build/CMakeFiles/CMakeTmp/CheckIncludeFile.c
Linking C executable cmTC_daf88
/home/a/bin/cmake -E cmake_link_script CMakeFiles/cmTC_daf88.dir/link.txt --verbose=1
/usr/bin/clang-4.0      -rdynamic CMakeFiles/cmTC_daf88.dir/CheckIncludeFile.c.o  -o cmTC_daf88 
make[1]: Leaving directory '/home/a/test/dimension/build/CMakeFiles/CMakeTmp'


Determining if the include file stdint.h exists passed with the following output:
Change Dir: /home/a/test/dimension/build/CMakeFiles/CMakeTmp

Run Build Command:"/usr/bin/make" "cmTC_625a8/fast"
/usr/bin/make -f CMakeFiles/cmTC_625a8.dir/build.make CMakeFiles/cmTC_625a8.dir/build
make[1]: Entering directory '/home/a/test/dimension/build/CMakeFiles/CMakeTmp'
Building C object CMakeFiles/cmTC_625a8.dir/CheckIncludeFile.c.o
/usr/bin/clang-4.0    -o CMakeFiles/cmTC_625a8.dir/CheckIncludeFile.c.o   -c /home/a/test/dimension/build/CMakeFiles/CMakeTmp/CheckIncludeFile.c
Linking C executable cmTC_625a8
/home/a/bin/cmake -E cmake_link_script CMakeFiles/cmTC_625a8.dir/link.txt --verbose=1
/usr/bin/clang-4.0      -rdynamic CMakeFiles/cmTC_625a8.dir/CheckIncludeFile.c.o  -o cmTC_625a8 
make[1]: Leaving directory '/home/a/test/dimension/build/CMakeFiles/CMakeTmp'


Determining if the include file stddef.h exists passed with the following output:
Change Dir: /home/a/test/dimension/build/CMakeFiles/CMakeTmp

Run Build Command:"/usr/bin/make" "cmTC_39aec/fast"
/usr/bin/make -f CMakeFiles/cmTC_39aec.dir/build.make CMakeFiles/cmTC_39aec.dir/build
make[1]: Entering directory '/home/a/test/dimension/build/CMakeFiles/CMakeTmp'
Building C object CMakeFiles/cmTC_39aec.dir/CheckIncludeFile.c.o
/usr/bin/clang-4.0    -o CMakeFiles/cmTC_39aec.dir/CheckIncludeFile.c.o   -c /home/a/test/dimension/build/CMakeFiles/CMakeTmp/CheckIncludeFile.c
Linking C executable cmTC_39aec
/home/a/bin/cmake -E cmake_link_script CMakeFiles/cmTC_39aec.dir/link.txt --verbose=1
/usr/bin/clang-4.0      -rdynamic CMakeFiles/cmTC_39aec.dir/CheckIncludeFile.c.o  -o cmTC_39aec 
make[1]: Leaving directory '/home/a/test/dimension/build/CMakeFiles/CMakeTmp'


Determining size of ssize_t passed with the following output:
Change Dir: /home/a/test/dimension/build/CMakeFiles/CMakeTmp

Run Build Command:"/usr/bin/make" "cmTC_138c1/fast"
/usr/bin/make -f CMakeFiles/cmTC_138c1.dir/build.make CMakeFiles/cmTC_138c1.dir/build
make[1]: Entering directory '/home/a/test/dimension/build/CMakeFiles/CMakeTmp'
Building C object CMakeFiles/cmTC_138c1.dir/SSIZE_T.c.o
/usr/bin/clang-4.0    -o CMakeFiles/cmTC_138c1.dir/SSIZE_T.c.o   -c /home/a/test/dimension/build/CMakeFiles/CheckTypeSize/SSIZE_T.c
Linking C executable cmTC_138c1
/home/a/bin/cmake -E cmake_link_script CMakeFiles/cmTC_138c1.dir/link.txt --verbose=1
/usr/bin/clang-4.0      -rdynamic CMakeFiles/cmTC_138c1.dir/SSIZE_T.c.o  -o cmTC_138c1 
make[1]: Leaving directory '/home/a/test/dimension/build/CMakeFiles/CMakeTmp'


Determining size of size_t passed with the following output:
Change Dir: /home/a/test/dimension/build/CMakeFiles/CMakeTmp

Run Build Command:"/usr/bin/make" "cmTC_44329/fast"
/usr/bin/make -f CMakeFiles/cmTC_44329.dir/build.make CMakeFiles/cmTC_44329.dir/build
make[1]: Entering directory '/home/a/test/dimension/build/CMakeFiles/CMakeTmp'
Building C object CMakeFiles/cmTC_44329.dir/SIZEOF_SIZE_T.c.o
/usr/bin/clang-4.0    -o CMakeFiles/cmTC_44329.dir/SIZEOF_SIZE_T.c.o   -c /home/a/test/dimension/build/CMakeFiles/CheckTypeSize/SIZEOF_SIZE_T.c
Linking C executable cmTC_44329
/home/a/bin/cmake -E cmake_link_script CMakeFiles/cmTC_44329.dir/link.txt --verbose=1
/usr/bin/clang-4.0      -rdynamic CMakeFiles/cmTC_44329.dir/SIZEOF_SIZE_T.c.o  -o cmTC_44329 
make[1]: Leaving directory '/home/a/test/dimension/build/CMakeFiles/CMakeTmp'


Determining if the include file pthread.h exists passed with the following output:
Change Dir: /home/a/test/dimension/build/CMakeFiles/CMakeTmp

Run Build Command:"/usr/bin/make" "cmTC_54d8c/fast"
/usr/bin/make -f CMakeFiles/cmTC_54d8c.dir/build.make CMakeFiles/cmTC_54d8c.dir/build
make[1]: Entering directory '/home/a/test/dimension/build/CMakeFiles/CMakeTmp'
Building C object CMakeFiles/cmTC_54d8c.dir/CheckIncludeFile.c.o
/usr/bin/clang-4.0    -o CMakeFiles/cmTC_54d8c.dir/CheckIncludeFile.c.o   -c /home/a/test/dimension/build/CMakeFiles/CMakeTmp/CheckIncludeFile.c
Linking C executable cmTC_54d8c
/home/a/bin/cmake -E cmake_link_script CMakeFiles/cmTC_54d8c.dir/link.txt --verbose=1
/usr/bin/clang-4.0      -rdynamic CMakeFiles/cmTC_54d8c.dir/CheckIncludeFile.c.o  -o cmTC_54d8c 
make[1]: Leaving directory '/home/a/test/dimension/build/CMakeFiles/CMakeTmp'


Determining if the function pthread_create exists in the pthread passed with the following output:
Change Dir: /home/a/test/dimension/build/CMakeFiles/CMakeTmp

Run Build Command:"/usr/bin/make" "cmTC_41037/fast"
/usr/bin/make -f CMakeFiles/cmTC_41037.dir/build.make CMakeFiles/cmTC_41037.dir/build
make[1]: Entering directory '/home/a/test/dimension/build/CMakeFiles/CMakeTmp'
Building C object CMakeFiles/cmTC_41037.dir/CheckFunctionExists.c.o
/usr/bin/clang-4.0   -DCHECK_FUNCTION_EXISTS=pthread_create   -o CMakeFiles/cmTC_41037.dir/CheckFunctionExists.c.o   -c /home/a/share/cmake-3.13/Modules/CheckFunctionExists.c
Linking C executable cmTC_41037
/home/a/bin/cmake -E cmake_link_script CMakeFiles/cmTC_41037.dir/link.txt --verbose=1
/usr/bin/clang-4.0  -DCHECK_FUNCTION_EXISTS=pthread_create    -rdynamic CMakeFiles/cmTC_41037.dir/CheckFunctionExists.c.o  -o cmTC_41037 -lpthread 
make[1]: Leaving directory '/home/a/test/dimension/build/CMakeFiles/CMakeTmp'


Determining if the function explicit_bzero exists passed with the following output:
Change Dir: /home/a/test/dimension/build/CMakeFiles/CMakeTmp

Run Build Command:"/usr/bin/make" "cmTC_1ec9d/fast"
/usr/bin/make -f CMakeFiles/cmTC_1ec9d.dir/build.make CMakeFiles/cmTC_1ec9d.dir/build
make[1]: Entering directory '/home/a/test/dimension/build/CMakeFiles/CMakeTmp'
Building C object CMakeFiles/cmTC_1ec9d.dir/CheckFunctionExists.c.o
/usr/bin/clang-4.0   -pedantic -Wall -Wextra -Werror -Wno-format-zero-length -Wno-implicit-fallthrough -Wformat -Wformat-security -flto -fstack-protector-all -DCHECK_FUNCTION_EXISTS=explicit_bzero   -o CMakeFiles/cmTC_1ec9d.dir/CheckFunctionExists.c.o   -c /home/a/share/cmake-3.13/Modules/CheckFunctionExists.c
Linking C executable cmTC_1ec9d
/home/a/bin/cmake -E cmake_link_script CMakeFiles/cmTC_1ec9d.dir/link.txt --verbose=1
/usr/bin/clang-4.0  -pedantic -Wall -Wextra -Werror -Wno-format-zero-length -Wno-implicit-fallthrough -Wformat -Wformat-security -flto -fstack-protector-all -DCHECK_FUNCTION_EXISTS=explicit_bzero    -rdynamic CMakeFiles/cmTC_1ec9d.dir/CheckFunctionExists.c.o  -o cmTC_1ec9d 
make[1]: Leaving directory '/home/a/test/dimension/build/CMakeFiles/CMakeTmp'


